#! /c/Source/iverilog-install/bin/vvp
:ivl_version "12.0 (devel)" "(s20150603-1110-g18392a46)";
:ivl_delay_selection "TYPICAL";
:vpi_time_precision - 12;
:vpi_module "C:\iverilog\lib\ivl\system.vpi";
:vpi_module "C:\iverilog\lib\ivl\vhdl_sys.vpi";
:vpi_module "C:\iverilog\lib\ivl\vhdl_textio.vpi";
:vpi_module "C:\iverilog\lib\ivl\v2005_math.vpi";
:vpi_module "C:\iverilog\lib\ivl\va_math.vpi";
S_000001514db6a580 .scope module, "myComp_tb" "myComp_tb" 2 3;
 .timescale -9 -12;
v000001514dbb3f20_0 .var "a", 0 0;
v000001514dbb3d40_0 .var "b", 0 0;
v000001514dbb4060_0 .net "out", 1 3, L_000001514dbb3c00;  1 drivers
S_000001514db6a710 .scope module, "dut" "myComp" 2 9, 3 2 0, S_000001514db6a580;
 .timescale 0 0;
    .port_info 0 /INPUT 1 "a";
    .port_info 1 /INPUT 1 "b";
    .port_info 2 /OUTPUT 3 "out";
L_000001514db67010 .functor NOT 1, v000001514dbb3d40_0, C4<0>, C4<0>, C4<0>;
L_000001514db6bca0 .functor AND 1, v000001514dbb3f20_0, L_000001514db67010, C4<1>, C4<1>;
L_000001514db6bd10 .functor XOR 1, v000001514dbb3f20_0, v000001514dbb3d40_0, C4<0>, C4<0>;
L_000001514db6ac20 .functor NOT 1, L_000001514db6bd10, C4<0>, C4<0>, C4<0>;
L_000001514db6ac90 .functor NOT 1, v000001514dbb3f20_0, C4<0>, C4<0>, C4<0>;
L_000001514db6ad00 .functor AND 1, L_000001514db6ac90, v000001514dbb3d40_0, C4<1>, C4<1>;
v000001514db67230_0 .net *"_ivl_10", 0 0, L_000001514db6ac20;  1 drivers
v000001514dbb5e00_0 .net *"_ivl_15", 0 0, L_000001514db6ac90;  1 drivers
v000001514db6a2e0_0 .net *"_ivl_17", 0 0, L_000001514db6ad00;  1 drivers
v000001514db6a380_0 .net *"_ivl_2", 0 0, L_000001514db67010;  1 drivers
v000001514db6ba20_0 .net *"_ivl_4", 0 0, L_000001514db6bca0;  1 drivers
v000001514db6bac0_0 .net *"_ivl_8", 0 0, L_000001514db6bd10;  1 drivers
v000001514db6bb60_0 .net "a", 0 0, v000001514dbb3f20_0;  1 drivers
v000001514db6bc00_0 .net "b", 0 0, v000001514dbb3d40_0;  1 drivers
v000001514dbb3b60_0 .net "out", 1 3, L_000001514dbb3c00;  alias, 1 drivers
L_000001514dbb3c00 .concat8 [ 1 1 1 0], L_000001514db6ad00, L_000001514db6ac20, L_000001514db6bca0;
    .scope S_000001514db6a580;
T_0 ;
    %vpi_call 2 16 "$dumpfile", "myComp.vcd" {0 0 0};
    %vpi_call 2 17 "$dumpvars", 32'sb00000000000000000000000000000000, S_000001514db6a580 {0 0 0};
    %vpi_call 2 19 "$display", "a b | out[1] out[2] out[3]" {0 0 0};
    %vpi_call 2 20 "$display", "---------------------------" {0 0 0};
    %pushi/vec4 0, 0, 1;
    %store/vec4 v000001514dbb3f20_0, 0, 1;
    %pushi/vec4 0, 0, 1;
    %store/vec4 v000001514dbb3d40_0, 0, 1;
    %delay 10000, 0;
    %vpi_call 2 22 "$display", "%b %b |   %b      %b      %b", v000001514dbb3f20_0, v000001514dbb3d40_0, &PV<v000001514dbb4060_0, 2, 1>, &PV<v000001514dbb4060_0, 1, 1>, &PV<v000001514dbb4060_0, 0, 1> {0 0 0};
    %pushi/vec4 0, 0, 1;
    %store/vec4 v000001514dbb3f20_0, 0, 1;
    %pushi/vec4 1, 0, 1;
    %store/vec4 v000001514dbb3d40_0, 0, 1;
    %delay 10000, 0;
    %vpi_call 2 23 "$display", "%b %b |   %b      %b      %b", v000001514dbb3f20_0, v000001514dbb3d40_0, &PV<v000001514dbb4060_0, 2, 1>, &PV<v000001514dbb4060_0, 1, 1>, &PV<v000001514dbb4060_0, 0, 1> {0 0 0};
    %pushi/vec4 1, 0, 1;
    %store/vec4 v000001514dbb3f20_0, 0, 1;
    %pushi/vec4 0, 0, 1;
    %store/vec4 v000001514dbb3d40_0, 0, 1;
    %delay 10000, 0;
    %vpi_call 2 24 "$display", "%b %b |   %b      %b      %b", v000001514dbb3f20_0, v000001514dbb3d40_0, &PV<v000001514dbb4060_0, 2, 1>, &PV<v000001514dbb4060_0, 1, 1>, &PV<v000001514dbb4060_0, 0, 1> {0 0 0};
    %pushi/vec4 1, 0, 1;
    %store/vec4 v000001514dbb3f20_0, 0, 1;
    %pushi/vec4 1, 0, 1;
    %store/vec4 v000001514dbb3d40_0, 0, 1;
    %delay 10000, 0;
    %vpi_call 2 25 "$display", "%b %b |   %b      %b      %b", v000001514dbb3f20_0, v000001514dbb3d40_0, &PV<v000001514dbb4060_0, 2, 1>, &PV<v000001514dbb4060_0, 1, 1>, &PV<v000001514dbb4060_0, 0, 1> {0 0 0};
    %vpi_call 2 27 "$finish" {0 0 0};
    %end;
    .thread T_0;
# The file index is used to find the file name in the following table.
:file_names 4;
    "N/A";
    "<interactive>";
    "tb.v";
    "myComp.v";
