#! /c/Source/iverilog-install/bin/vvp
:ivl_version "12.0 (devel)" "(s20150603-1110-g18392a46)";
:ivl_delay_selection "TYPICAL";
:vpi_time_precision - 12;
:vpi_module "C:\iverilog\lib\ivl\system.vpi";
:vpi_module "C:\iverilog\lib\ivl\vhdl_sys.vpi";
:vpi_module "C:\iverilog\lib\ivl\vhdl_textio.vpi";
:vpi_module "C:\iverilog\lib\ivl\v2005_math.vpi";
:vpi_module "C:\iverilog\lib\ivl\va_math.vpi";
S_0000020c71b0be00 .scope module, "tb_seq_detect_mealy" "tb_seq_detect_mealy" 2 3;
 .timescale -9 -12;
v0000020c71b57bb0_0 .var "bitstream", 10 0;
v0000020c71b57c50_0 .var "clk", 0 0;
v0000020c71b57cf0_0 .var "din", 0 0;
v0000020c71b57d90_0 .var/i "i", 31 0;
v0000020c71ba5840_0 .var "rst", 0 0;
v0000020c71ba58e0_0 .net "y", 0 0, v0000020c71b57b10_0;  1 drivers
S_0000020c71b0b960 .scope module, "dut" "seq_detect_mealy" 2 8, 3 1 0, S_0000020c71b0be00;
 .timescale 0 0;
    .port_info 0 /INPUT 1 "clk";
    .port_info 1 /INPUT 1 "rst";
    .port_info 2 /INPUT 1 "din";
    .port_info 3 /OUTPUT 1 "y";
P_0000020c71b57980 .param/l "init" 0 3 10, C4<00>;
P_0000020c71b579b8 .param/l "one" 0 3 11, C4<01>;
P_0000020c71b579f0 .param/l "three" 0 3 13, C4<11>;
P_0000020c71b57a28 .param/l "two" 0 3 12, C4<10>;
v0000020c71b07260_0 .net "clk", 0 0, v0000020c71b57c50_0;  1 drivers
v0000020c71b07480_0 .net "din", 0 0, v0000020c71b57cf0_0;  1 drivers
v0000020c71b0baf0_0 .net "rst", 0 0, v0000020c71ba5840_0;  1 drivers
v0000020c71b06f90_0 .var "state_next", 1 0;
v0000020c71b57a70_0 .var "state_present", 1 0;
v0000020c71b57b10_0 .var "y", 0 0;
E_0000020c71b0ac60 .event anyedge, v0000020c71b57a70_0, v0000020c71b07480_0;
E_0000020c71b0aca0 .event posedge, v0000020c71b07260_0;
    .scope S_0000020c71b0b960;
T_0 ;
    %wait E_0000020c71b0aca0;
    %load/vec4 v0000020c71b0baf0_0;
    %flag_set/vec4 8;
    %jmp/0xz  T_0.0, 8;
    %pushi/vec4 0, 0, 2;
    %assign/vec4 v0000020c71b57a70_0, 0;
    %jmp T_0.1;
T_0.0 ;
    %load/vec4 v0000020c71b06f90_0;
    %assign/vec4 v0000020c71b57a70_0, 0;
T_0.1 ;
    %pushi/vec4 0, 0, 1;
    %assign/vec4 v0000020c71b57b10_0, 0;
    %load/vec4 v0000020c71b57a70_0;
    %pushi/vec4 3, 0, 2;
    %cmp/e;
    %flag_get/vec4 4;
    %load/vec4 v0000020c71b07480_0;
    %pad/u 32;
    %pushi/vec4 1, 0, 32;
    %cmp/e;
    %flag_get/vec4 4;
    %and;
    %flag_set/vec4 8;
    %jmp/0xz  T_0.2, 8;
    %pushi/vec4 1, 0, 1;
    %assign/vec4 v0000020c71b57b10_0, 0;
T_0.2 ;
    %jmp T_0;
    .thread T_0;
    .scope S_0000020c71b0b960;
T_1 ;
    %wait E_0000020c71b0ac60;
    %load/vec4 v0000020c71b57a70_0;
    %store/vec4 v0000020c71b06f90_0, 0, 2;
    %load/vec4 v0000020c71b57a70_0;
    %dup/vec4;
    %pushi/vec4 0, 0, 2;
    %cmp/u;
    %jmp/1 T_1.0, 6;
    %dup/vec4;
    %pushi/vec4 1, 0, 2;
    %cmp/u;
    %jmp/1 T_1.1, 6;
    %dup/vec4;
    %pushi/vec4 2, 0, 2;
    %cmp/u;
    %jmp/1 T_1.2, 6;
    %dup/vec4;
    %pushi/vec4 3, 0, 2;
    %cmp/u;
    %jmp/1 T_1.3, 6;
    %pushi/vec4 0, 0, 2;
    %store/vec4 v0000020c71b06f90_0, 0, 2;
    %jmp T_1.5;
T_1.0 ;
    %load/vec4 v0000020c71b07480_0;
    %flag_set/vec4 8;
    %jmp/0xz  T_1.6, 8;
    %pushi/vec4 1, 0, 2;
    %store/vec4 v0000020c71b06f90_0, 0, 2;
    %jmp T_1.7;
T_1.6 ;
    %pushi/vec4 0, 0, 2;
    %store/vec4 v0000020c71b06f90_0, 0, 2;
T_1.7 ;
    %jmp T_1.5;
T_1.1 ;
    %load/vec4 v0000020c71b07480_0;
    %flag_set/vec4 8;
    %jmp/0xz  T_1.8, 8;
    %pushi/vec4 2, 0, 2;
    %store/vec4 v0000020c71b06f90_0, 0, 2;
    %jmp T_1.9;
T_1.8 ;
    %pushi/vec4 0, 0, 2;
    %store/vec4 v0000020c71b06f90_0, 0, 2;
T_1.9 ;
    %jmp T_1.5;
T_1.2 ;
    %load/vec4 v0000020c71b07480_0;
    %flag_set/vec4 8;
    %jmp/0xz  T_1.10, 8;
    %pushi/vec4 2, 0, 2;
    %store/vec4 v0000020c71b06f90_0, 0, 2;
    %jmp T_1.11;
T_1.10 ;
    %pushi/vec4 3, 0, 2;
    %store/vec4 v0000020c71b06f90_0, 0, 2;
T_1.11 ;
    %jmp T_1.5;
T_1.3 ;
    %load/vec4 v0000020c71b07480_0;
    %flag_set/vec4 8;
    %jmp/0xz  T_1.12, 8;
    %pushi/vec4 1, 0, 2;
    %store/vec4 v0000020c71b06f90_0, 0, 2;
    %jmp T_1.13;
T_1.12 ;
    %pushi/vec4 0, 0, 2;
    %store/vec4 v0000020c71b06f90_0, 0, 2;
T_1.13 ;
    %jmp T_1.5;
T_1.5 ;
    %pop/vec4 1;
    %jmp T_1;
    .thread T_1, $push;
    .scope S_0000020c71b0be00;
T_2 ;
    %pushi/vec4 1757, 0, 11;
    %store/vec4 v0000020c71b57bb0_0, 0, 11;
    %end;
    .thread T_2;
    .scope S_0000020c71b0be00;
T_3 ;
    %pushi/vec4 0, 0, 1;
    %store/vec4 v0000020c71b57c50_0, 0, 1;
T_3.0 ;
    %delay 5000, 0;
    %load/vec4 v0000020c71b57c50_0;
    %inv;
    %store/vec4 v0000020c71b57c50_0, 0, 1;
    %jmp T_3.0;
    %end;
    .thread T_3;
    .scope S_0000020c71b0be00;
T_4 ;
    %vpi_call 2 27 "$dumpfile", "dump.vcd" {0 0 0};
    %vpi_call 2 28 "$dumpvars", 32'sb00000000000000000000000000000000, S_0000020c71b0be00 {0 0 0};
    %pushi/vec4 1, 0, 1;
    %store/vec4 v0000020c71ba5840_0, 0, 1;
    %pushi/vec4 0, 0, 1;
    %store/vec4 v0000020c71b57cf0_0, 0, 1;
    %delay 5000, 0;
    %delay 15000, 0;
    %pushi/vec4 0, 0, 1;
    %store/vec4 v0000020c71ba5840_0, 0, 1;
    %pushi/vec4 10, 0, 32;
    %store/vec4 v0000020c71b57d90_0, 0, 32;
T_4.0 ;
    %load/vec4 v0000020c71b57d90_0;
    %cmpi/s 0, 0, 32;
    %flag_inv 5; GE is !LT
    %jmp/0xz T_4.1, 5;
    %load/vec4 v0000020c71b57bb0_0;
    %load/vec4 v0000020c71b57d90_0;
    %part/s 1;
    %store/vec4 v0000020c71b57cf0_0, 0, 1;
    %delay 10000, 0;
    %load/vec4 v0000020c71b57d90_0;
    %subi 1, 0, 32;
    %store/vec4 v0000020c71b57d90_0, 0, 32;
    %jmp T_4.0;
T_4.1 ;
    %delay 20000, 0;
    %vpi_call 2 43 "$finish" {0 0 0};
    %end;
    .thread T_4;
    .scope S_0000020c71b0be00;
T_5 ;
    %vpi_call 2 48 "$display", "Time\011clk\011rst\011din\011y" {0 0 0};
    %vpi_call 2 49 "$monitor", "%0dns\011%b\011%b\011%b\011%b", $time, v0000020c71b57c50_0, v0000020c71ba5840_0, v0000020c71b57cf0_0, v0000020c71ba58e0_0 {0 0 0};
    %end;
    .thread T_5;
# The file index is used to find the file name in the following table.
:file_names 4;
    "N/A";
    "<interactive>";
    "tb_seq_detect_mealy.v";
    "seq_detect_mealy.v";
