#! /c/Source/iverilog-install/bin/vvp
:ivl_version "12.0 (devel)" "(s20150603-1110-g18392a46)";
:ivl_delay_selection "TYPICAL";
:vpi_time_precision - 12;
:vpi_module "C:\iverilog\lib\ivl\system.vpi";
:vpi_module "C:\iverilog\lib\ivl\vhdl_sys.vpi";
:vpi_module "C:\iverilog\lib\ivl\vhdl_textio.vpi";
:vpi_module "C:\iverilog\lib\ivl\v2005_math.vpi";
:vpi_module "C:\iverilog\lib\ivl\va_math.vpi";
S_0000020cdaa596c0 .scope module, "tb_vending_mealy" "tb_vending_mealy" 2 3;
 .timescale -9 -12;
v0000020cdaa16dc0_0 .net "chg5", 0 0, v0000020cdaa17260_0;  1 drivers
v0000020cdaa16e60_0 .var "clk", 0 0;
v0000020cdaa16f00_0 .var "coin", 1 0;
v0000020cdaa16fa0_0 .net "dispense", 0 0, v0000020cdaa565f0_0;  1 drivers
v0000020cdaac8060_0 .var "rst", 0 0;
S_0000020cdaa56460 .scope module, "dut" "vending_mealy" 2 9, 3 1 0, S_0000020cdaa596c0;
 .timescale 0 0;
    .port_info 0 /INPUT 1 "clk";
    .port_info 1 /INPUT 1 "rst";
    .port_info 2 /INPUT 2 "coin";
    .port_info 3 /OUTPUT 1 "dispense";
    .port_info 4 /OUTPUT 1 "chg5";
P_0000020cdaa1bef0 .param/l "fifteen" 0 3 10, C4<11>;
P_0000020cdaa1bf28 .param/l "five" 0 3 10, C4<01>;
P_0000020cdaa1bf60 .param/l "idle" 0 3 10, C4<00>;
P_0000020cdaa1bf98 .param/l "ten" 0 3 10, C4<10>;
v0000020cdaa17260_0 .var "chg5", 0 0;
v0000020cdaa17480_0 .net "clk", 0 0, v0000020cdaa16e60_0;  1 drivers
v0000020cdaa6c430_0 .net "coin", 1 0, v0000020cdaa16f00_0;  1 drivers
v0000020cdaa565f0_0 .var "dispense", 0 0;
v0000020cdaa56690_0 .net "rst", 0 0, v0000020cdaac8060_0;  1 drivers
v0000020cdaa56730_0 .var "state_next", 1 0;
v0000020cdaa567d0_0 .var "state_present", 1 0;
E_0000020cdaa58260 .event anyedge, v0000020cdaa567d0_0, v0000020cdaa6c430_0;
E_0000020cdaa582e0 .event posedge, v0000020cdaa17480_0;
S_0000020cdaa16b90 .scope task, "insert_coin" "insert_coin" 2 24, 2 24 0, S_0000020cdaa596c0;
 .timescale -9 -12;
v0000020cdaa16d20_0 .var "c", 1 0;
TD_tb_vending_mealy.insert_coin ;
    %load/vec4 v0000020cdaa16d20_0;
    %store/vec4 v0000020cdaa16f00_0, 0, 2;
    %delay 10000, 0;
    %pushi/vec4 0, 0, 2;
    %store/vec4 v0000020cdaa16f00_0, 0, 2;
    %delay 10000, 0;
    %end;
    .scope S_0000020cdaa56460;
T_1 ;
    %wait E_0000020cdaa582e0;
    %load/vec4 v0000020cdaa56690_0;
    %flag_set/vec4 8;
    %jmp/0xz  T_1.0, 8;
    %pushi/vec4 0, 0, 2;
    %assign/vec4 v0000020cdaa567d0_0, 0;
    %jmp T_1.1;
T_1.0 ;
    %load/vec4 v0000020cdaa56730_0;
    %assign/vec4 v0000020cdaa567d0_0, 0;
T_1.1 ;
    %pushi/vec4 0, 0, 1;
    %assign/vec4 v0000020cdaa565f0_0, 0;
    %pushi/vec4 0, 0, 1;
    %assign/vec4 v0000020cdaa17260_0, 0;
    %load/vec4 v0000020cdaa567d0_0;
    %pushi/vec4 2, 0, 2;
    %cmp/e;
    %flag_get/vec4 4;
    %load/vec4 v0000020cdaa6c430_0;
    %pushi/vec4 2, 0, 2;
    %cmp/e;
    %flag_get/vec4 4;
    %and;
    %flag_set/vec4 8;
    %jmp/0xz  T_1.2, 8;
    %pushi/vec4 1, 0, 1;
    %assign/vec4 v0000020cdaa565f0_0, 0;
    %jmp T_1.3;
T_1.2 ;
    %load/vec4 v0000020cdaa567d0_0;
    %pushi/vec4 3, 0, 2;
    %cmp/e;
    %flag_get/vec4 4;
    %load/vec4 v0000020cdaa6c430_0;
    %pushi/vec4 1, 0, 2;
    %cmp/e;
    %flag_get/vec4 4;
    %and;
    %flag_set/vec4 8;
    %jmp/0xz  T_1.4, 8;
    %pushi/vec4 1, 0, 1;
    %assign/vec4 v0000020cdaa565f0_0, 0;
    %jmp T_1.5;
T_1.4 ;
    %load/vec4 v0000020cdaa567d0_0;
    %pushi/vec4 3, 0, 2;
    %cmp/e;
    %flag_get/vec4 4;
    %load/vec4 v0000020cdaa6c430_0;
    %pushi/vec4 2, 0, 2;
    %cmp/e;
    %flag_get/vec4 4;
    %and;
    %flag_set/vec4 8;
    %jmp/0xz  T_1.6, 8;
    %pushi/vec4 1, 0, 1;
    %assign/vec4 v0000020cdaa565f0_0, 0;
    %pushi/vec4 1, 0, 1;
    %assign/vec4 v0000020cdaa17260_0, 0;
T_1.6 ;
T_1.5 ;
T_1.3 ;
    %jmp T_1;
    .thread T_1;
    .scope S_0000020cdaa56460;
T_2 ;
    %wait E_0000020cdaa58260;
    %load/vec4 v0000020cdaa567d0_0;
    %store/vec4 v0000020cdaa56730_0, 0, 2;
    %load/vec4 v0000020cdaa567d0_0;
    %dup/vec4;
    %pushi/vec4 0, 0, 2;
    %cmp/u;
    %jmp/1 T_2.0, 6;
    %dup/vec4;
    %pushi/vec4 1, 0, 2;
    %cmp/u;
    %jmp/1 T_2.1, 6;
    %dup/vec4;
    %pushi/vec4 2, 0, 2;
    %cmp/u;
    %jmp/1 T_2.2, 6;
    %dup/vec4;
    %pushi/vec4 3, 0, 2;
    %cmp/u;
    %jmp/1 T_2.3, 6;
    %jmp T_2.4;
T_2.0 ;
    %load/vec4 v0000020cdaa6c430_0;
    %cmpi/e 1, 0, 2;
    %jmp/0xz  T_2.5, 4;
    %pushi/vec4 1, 0, 2;
    %store/vec4 v0000020cdaa56730_0, 0, 2;
    %jmp T_2.6;
T_2.5 ;
    %load/vec4 v0000020cdaa6c430_0;
    %cmpi/e 2, 0, 2;
    %jmp/0xz  T_2.7, 4;
    %pushi/vec4 2, 0, 2;
    %store/vec4 v0000020cdaa56730_0, 0, 2;
T_2.7 ;
T_2.6 ;
    %jmp T_2.4;
T_2.1 ;
    %load/vec4 v0000020cdaa6c430_0;
    %cmpi/e 1, 0, 2;
    %jmp/0xz  T_2.9, 4;
    %pushi/vec4 2, 0, 2;
    %store/vec4 v0000020cdaa56730_0, 0, 2;
    %jmp T_2.10;
T_2.9 ;
    %load/vec4 v0000020cdaa6c430_0;
    %cmpi/e 2, 0, 2;
    %jmp/0xz  T_2.11, 4;
    %pushi/vec4 3, 0, 2;
    %store/vec4 v0000020cdaa56730_0, 0, 2;
T_2.11 ;
T_2.10 ;
    %jmp T_2.4;
T_2.2 ;
    %load/vec4 v0000020cdaa6c430_0;
    %cmpi/e 1, 0, 2;
    %jmp/0xz  T_2.13, 4;
    %pushi/vec4 3, 0, 2;
    %store/vec4 v0000020cdaa56730_0, 0, 2;
    %jmp T_2.14;
T_2.13 ;
    %load/vec4 v0000020cdaa6c430_0;
    %cmpi/e 2, 0, 2;
    %jmp/0xz  T_2.15, 4;
    %pushi/vec4 0, 0, 2;
    %store/vec4 v0000020cdaa56730_0, 0, 2;
T_2.15 ;
T_2.14 ;
    %jmp T_2.4;
T_2.3 ;
    %load/vec4 v0000020cdaa6c430_0;
    %cmpi/e 1, 0, 2;
    %jmp/0xz  T_2.17, 4;
    %pushi/vec4 0, 0, 2;
    %store/vec4 v0000020cdaa56730_0, 0, 2;
    %jmp T_2.18;
T_2.17 ;
    %load/vec4 v0000020cdaa6c430_0;
    %cmpi/e 2, 0, 2;
    %jmp/0xz  T_2.19, 4;
    %pushi/vec4 0, 0, 2;
    %store/vec4 v0000020cdaa56730_0, 0, 2;
T_2.19 ;
T_2.18 ;
    %jmp T_2.4;
T_2.4 ;
    %pop/vec4 1;
    %jmp T_2;
    .thread T_2, $push;
    .scope S_0000020cdaa596c0;
T_3 ;
    %pushi/vec4 0, 0, 1;
    %store/vec4 v0000020cdaa16e60_0, 0, 1;
T_3.0 ;
    %delay 5000, 0;
    %load/vec4 v0000020cdaa16e60_0;
    %inv;
    %store/vec4 v0000020cdaa16e60_0, 0, 1;
    %jmp T_3.0;
    %end;
    .thread T_3;
    .scope S_0000020cdaa596c0;
T_4 ;
    %vpi_call 2 33 "$dumpfile", "tb_vending_mealy.vcd" {0 0 0};
    %vpi_call 2 34 "$dumpvars", 32'sb00000000000000000000000000000000, S_0000020cdaa596c0 {0 0 0};
    %pushi/vec4 1, 0, 1;
    %store/vec4 v0000020cdaac8060_0, 0, 1;
    %pushi/vec4 0, 0, 2;
    %store/vec4 v0000020cdaa16f00_0, 0, 2;
    %delay 12000, 0;
    %pushi/vec4 0, 0, 1;
    %store/vec4 v0000020cdaac8060_0, 0, 1;
    %vpi_call 2 43 "$display", "Test: 5 + 5 + 10 = 20 (dispense)" {0 0 0};
    %pushi/vec4 1, 0, 2;
    %store/vec4 v0000020cdaa16d20_0, 0, 2;
    %fork TD_tb_vending_mealy.insert_coin, S_0000020cdaa16b90;
    %join;
    %pushi/vec4 1, 0, 2;
    %store/vec4 v0000020cdaa16d20_0, 0, 2;
    %fork TD_tb_vending_mealy.insert_coin, S_0000020cdaa16b90;
    %join;
    %pushi/vec4 2, 0, 2;
    %store/vec4 v0000020cdaa16d20_0, 0, 2;
    %fork TD_tb_vending_mealy.insert_coin, S_0000020cdaa16b90;
    %join;
    %delay 20000, 0;
    %vpi_call 2 49 "$display", "Test: 5 + 10 + 5 = 20 (dispense)" {0 0 0};
    %pushi/vec4 1, 0, 2;
    %store/vec4 v0000020cdaa16d20_0, 0, 2;
    %fork TD_tb_vending_mealy.insert_coin, S_0000020cdaa16b90;
    %join;
    %pushi/vec4 2, 0, 2;
    %store/vec4 v0000020cdaa16d20_0, 0, 2;
    %fork TD_tb_vending_mealy.insert_coin, S_0000020cdaa16b90;
    %join;
    %pushi/vec4 1, 0, 2;
    %store/vec4 v0000020cdaa16d20_0, 0, 2;
    %fork TD_tb_vending_mealy.insert_coin, S_0000020cdaa16b90;
    %join;
    %delay 20000, 0;
    %vpi_call 2 55 "$display", "Test: 10 + 5 + 5 = 20 (dispense)" {0 0 0};
    %pushi/vec4 2, 0, 2;
    %store/vec4 v0000020cdaa16d20_0, 0, 2;
    %fork TD_tb_vending_mealy.insert_coin, S_0000020cdaa16b90;
    %join;
    %pushi/vec4 1, 0, 2;
    %store/vec4 v0000020cdaa16d20_0, 0, 2;
    %fork TD_tb_vending_mealy.insert_coin, S_0000020cdaa16b90;
    %join;
    %pushi/vec4 1, 0, 2;
    %store/vec4 v0000020cdaa16d20_0, 0, 2;
    %fork TD_tb_vending_mealy.insert_coin, S_0000020cdaa16b90;
    %join;
    %delay 20000, 0;
    %vpi_call 2 61 "$display", "Test: 10 + 10 = 20 (dispense)" {0 0 0};
    %pushi/vec4 2, 0, 2;
    %store/vec4 v0000020cdaa16d20_0, 0, 2;
    %fork TD_tb_vending_mealy.insert_coin, S_0000020cdaa16b90;
    %join;
    %pushi/vec4 2, 0, 2;
    %store/vec4 v0000020cdaa16d20_0, 0, 2;
    %fork TD_tb_vending_mealy.insert_coin, S_0000020cdaa16b90;
    %join;
    %delay 20000, 0;
    %vpi_call 2 66 "$display", "Test: 15 + 5 = 20 (dispense)" {0 0 0};
    %pushi/vec4 2, 0, 2;
    %store/vec4 v0000020cdaa16d20_0, 0, 2;
    %fork TD_tb_vending_mealy.insert_coin, S_0000020cdaa16b90;
    %join;
    %pushi/vec4 1, 0, 2;
    %store/vec4 v0000020cdaa16d20_0, 0, 2;
    %fork TD_tb_vending_mealy.insert_coin, S_0000020cdaa16b90;
    %join;
    %pushi/vec4 1, 0, 2;
    %store/vec4 v0000020cdaa16d20_0, 0, 2;
    %fork TD_tb_vending_mealy.insert_coin, S_0000020cdaa16b90;
    %join;
    %pushi/vec4 1, 0, 2;
    %store/vec4 v0000020cdaa16d20_0, 0, 2;
    %fork TD_tb_vending_mealy.insert_coin, S_0000020cdaa16b90;
    %join;
    %delay 20000, 0;
    %vpi_call 2 76 "$display", "Test: 15 + 10 = 25 (dispense + chg5)" {0 0 0};
    %pushi/vec4 2, 0, 2;
    %store/vec4 v0000020cdaa16d20_0, 0, 2;
    %fork TD_tb_vending_mealy.insert_coin, S_0000020cdaa16b90;
    %join;
    %pushi/vec4 1, 0, 2;
    %store/vec4 v0000020cdaa16d20_0, 0, 2;
    %fork TD_tb_vending_mealy.insert_coin, S_0000020cdaa16b90;
    %join;
    %pushi/vec4 1, 0, 2;
    %store/vec4 v0000020cdaa16d20_0, 0, 2;
    %fork TD_tb_vending_mealy.insert_coin, S_0000020cdaa16b90;
    %join;
    %pushi/vec4 2, 0, 2;
    %store/vec4 v0000020cdaa16d20_0, 0, 2;
    %fork TD_tb_vending_mealy.insert_coin, S_0000020cdaa16b90;
    %join;
    %delay 20000, 0;
    %vpi_call 2 86 "$display", "Test: just 5 (no vend)" {0 0 0};
    %pushi/vec4 1, 0, 2;
    %store/vec4 v0000020cdaa16d20_0, 0, 2;
    %fork TD_tb_vending_mealy.insert_coin, S_0000020cdaa16b90;
    %join;
    %delay 20000, 0;
    %vpi_call 2 90 "$display", "Test: just 10 (no vend)" {0 0 0};
    %pushi/vec4 2, 0, 2;
    %store/vec4 v0000020cdaa16d20_0, 0, 2;
    %fork TD_tb_vending_mealy.insert_coin, S_0000020cdaa16b90;
    %join;
    %delay 20000, 0;
    %vpi_call 2 94 "$display", "Test: 10 + 10 = 20 (vend)" {0 0 0};
    %pushi/vec4 2, 0, 2;
    %store/vec4 v0000020cdaa16d20_0, 0, 2;
    %fork TD_tb_vending_mealy.insert_coin, S_0000020cdaa16b90;
    %join;
    %delay 20000, 0;
    %vpi_call 2 98 "$display", "Test: 10+5 + 10 = 25 (vend with change)" {0 0 0};
    %pushi/vec4 2, 0, 2;
    %store/vec4 v0000020cdaa16d20_0, 0, 2;
    %fork TD_tb_vending_mealy.insert_coin, S_0000020cdaa16b90;
    %join;
    %pushi/vec4 1, 0, 2;
    %store/vec4 v0000020cdaa16d20_0, 0, 2;
    %fork TD_tb_vending_mealy.insert_coin, S_0000020cdaa16b90;
    %join;
    %pushi/vec4 2, 0, 2;
    %store/vec4 v0000020cdaa16d20_0, 0, 2;
    %fork TD_tb_vending_mealy.insert_coin, S_0000020cdaa16b90;
    %join;
    %delay 20000, 0;
    %vpi_call 2 108 "$display", "Test: reset during transaction" {0 0 0};
    %pushi/vec4 2, 0, 2;
    %store/vec4 v0000020cdaa16d20_0, 0, 2;
    %fork TD_tb_vending_mealy.insert_coin, S_0000020cdaa16b90;
    %join;
    %pushi/vec4 1, 0, 2;
    %store/vec4 v0000020cdaa16d20_0, 0, 2;
    %fork TD_tb_vending_mealy.insert_coin, S_0000020cdaa16b90;
    %join;
    %pushi/vec4 1, 0, 1;
    %store/vec4 v0000020cdaac8060_0, 0, 1;
    %delay 10000, 0;
    %pushi/vec4 0, 0, 1;
    %store/vec4 v0000020cdaac8060_0, 0, 1;
    %pushi/vec4 2, 0, 2;
    %store/vec4 v0000020cdaa16d20_0, 0, 2;
    %fork TD_tb_vending_mealy.insert_coin, S_0000020cdaa16b90;
    %join;
    %delay 20000, 0;
    %vpi_call 2 115 "$finish" {0 0 0};
    %end;
    .thread T_4;
# The file index is used to find the file name in the following table.
:file_names 4;
    "N/A";
    "<interactive>";
    "tb_vending_mealy.v";
    "vending_mealy.v";
