#! /c/Source/iverilog-install/bin/vvp
:ivl_version "12.0 (devel)" "(s20150603-1110-g18392a46)";
:ivl_delay_selection "TYPICAL";
:vpi_time_precision - 12;
:vpi_module "C:\iverilog\lib\ivl\system.vpi";
:vpi_module "C:\iverilog\lib\ivl\vhdl_sys.vpi";
:vpi_module "C:\iverilog\lib\ivl\vhdl_textio.vpi";
:vpi_module "C:\iverilog\lib\ivl\v2005_math.vpi";
:vpi_module "C:\iverilog\lib\ivl\va_math.vpi";
S_0000019fca8458b0 .scope module, "tb_link_top" "tb_link_top" 2 2;
 .timescale -9 -12;
v0000019fca8a0830_0 .var "clk", 0 0;
v0000019fca8a0f10_0 .net "done", 0 0, v0000019fca843a20_0;  1 drivers
v0000019fca8a0970_0 .var "rst", 0 0;
E_0000019fca82bc00 .event anyedge, v0000019fca843a20_0;
S_0000019fca845a40 .scope module, "dut" "link_top" 2 7, 3 1 0, S_0000019fca8458b0;
 .timescale 0 0;
    .port_info 0 /INPUT 1 "clk";
    .port_info 1 /INPUT 1 "rst";
    .port_info 2 /OUTPUT 1 "done";
v0000019fca8a08d0_0 .net "ack", 0 0, v0000019fca7e6e60_0;  1 drivers
v0000019fca8a0ab0_0 .net "clk", 0 0, v0000019fca8a0830_0;  1 drivers
v0000019fca8a0b50_0 .net "data", 7 0, v0000019fca843980_0;  1 drivers
v0000019fca8a0650_0 .net "done", 0 0, v0000019fca843a20_0;  alias, 1 drivers
v0000019fca8a05b0_0 .net "last_byte", 7 0, v0000019fca8a0bf0_0;  1 drivers
v0000019fca8a0790_0 .net "req", 0 0, v0000019fca843ca0_0;  1 drivers
v0000019fca8a0e70_0 .net "rst", 0 0, v0000019fca8a0970_0;  1 drivers
S_0000019fca845bd0 .scope module, "master_inst" "master_fsm" 3 11, 4 92 0, S_0000019fca845a40;
 .timescale 0 0;
    .port_info 0 /INPUT 1 "clk";
    .port_info 1 /INPUT 1 "rst";
    .port_info 2 /INPUT 1 "ack";
    .port_info 3 /OUTPUT 1 "req";
    .port_info 4 /OUTPUT 8 "data";
    .port_info 5 /OUTPUT 1 "done";
P_0000019fca826740 .param/l "DONE_STATE" 1 4 116, C4<11>;
P_0000019fca826778 .param/l "IDLE" 1 4 113, C4<00>;
P_0000019fca8267b0 .param/l "NUM_BYTES" 0 4 101, +C4<00000000000000000000000000000100>;
P_0000019fca8267e8 .param/l "WAIT_ACK" 1 4 114, C4<01>;
P_0000019fca826820 .param/l "WAIT_ACK_LOW" 1 4 115, C4<10>;
v0000019fca7e7260_0 .net "ack", 0 0, v0000019fca7e6e60_0;  alias, 1 drivers
v0000019fca83c730_0 .net "clk", 0 0, v0000019fca8a0830_0;  alias, 1 drivers
v0000019fca843980_0 .var "data", 7 0;
v0000019fca843a20_0 .var "done", 0 0;
v0000019fca843ac0_0 .var "idx_next", 1 0;
v0000019fca843b60_0 .var "idx_present", 1 0;
v0000019fca843c00 .array "mem", 3 0, 7 0;
v0000019fca843ca0_0 .var "req", 0 0;
v0000019fca843d40_0 .net "rst", 0 0, v0000019fca8a0970_0;  alias, 1 drivers
v0000019fca7e6b90_0 .var "state_next", 1 0;
v0000019fca7e6c30_0 .var "state_present", 1 0;
E_0000019fca82b8c0/0 .event anyedge, v0000019fca7e6c30_0, v0000019fca843b60_0, v0000019fca843ca0_0, v0000019fca843980_0;
v0000019fca843c00_0 .array/port v0000019fca843c00, 0;
v0000019fca843c00_1 .array/port v0000019fca843c00, 1;
v0000019fca843c00_2 .array/port v0000019fca843c00, 2;
v0000019fca843c00_3 .array/port v0000019fca843c00, 3;
E_0000019fca82b8c0/1 .event anyedge, v0000019fca843c00_0, v0000019fca843c00_1, v0000019fca843c00_2, v0000019fca843c00_3;
E_0000019fca82b8c0/2 .event anyedge, v0000019fca7e7260_0;
E_0000019fca82b8c0 .event/or E_0000019fca82b8c0/0, E_0000019fca82b8c0/1, E_0000019fca82b8c0/2;
E_0000019fca82b4c0 .event posedge, v0000019fca83c730_0;
S_0000019fca7e6cd0 .scope module, "slave_inst" "slave_fsm" 3 16, 5 1 0, S_0000019fca845a40;
 .timescale 0 0;
    .port_info 0 /INPUT 1 "clk";
    .port_info 1 /INPUT 1 "rst";
    .port_info 2 /INPUT 1 "req";
    .port_info 3 /INPUT 8 "data_in";
    .port_info 4 /OUTPUT 1 "ack";
    .port_info 5 /OUTPUT 8 "last_byte";
v0000019fca7e6e60_0 .var "ack", 0 0;
v0000019fca7e6f00_0 .var "ack_cnt", 1 0;
v0000019fca7e6fa0_0 .net "clk", 0 0, v0000019fca8a0830_0;  alias, 1 drivers
v0000019fca8a06f0_0 .net "data_in", 7 0, v0000019fca843980_0;  alias, 1 drivers
v0000019fca8a0bf0_0 .var "last_byte", 7 0;
v0000019fca8a0a10_0 .var "prev_req", 0 0;
v0000019fca8a03d0_0 .net "req", 0 0, v0000019fca843ca0_0;  alias, 1 drivers
v0000019fca8a0dd0_0 .net "rst", 0 0, v0000019fca8a0970_0;  alias, 1 drivers
    .scope S_0000019fca845bd0;
T_0 ;
    %pushi/vec4 160, 0, 8;
    %ix/load 4, 0, 0;
    %flag_set/imm 4, 0;
    %store/vec4a v0000019fca843c00, 4, 0;
    %pushi/vec4 161, 0, 8;
    %ix/load 4, 1, 0;
    %flag_set/imm 4, 0;
    %store/vec4a v0000019fca843c00, 4, 0;
    %pushi/vec4 162, 0, 8;
    %ix/load 4, 2, 0;
    %flag_set/imm 4, 0;
    %store/vec4a v0000019fca843c00, 4, 0;
    %pushi/vec4 163, 0, 8;
    %ix/load 4, 3, 0;
    %flag_set/imm 4, 0;
    %store/vec4a v0000019fca843c00, 4, 0;
    %end;
    .thread T_0;
    .scope S_0000019fca845bd0;
T_1 ;
    %wait E_0000019fca82b4c0;
    %load/vec4 v0000019fca843d40_0;
    %flag_set/vec4 8;
    %jmp/0xz  T_1.0, 8;
    %pushi/vec4 0, 0, 2;
    %assign/vec4 v0000019fca7e6c30_0, 0;
    %pushi/vec4 0, 0, 2;
    %assign/vec4 v0000019fca843b60_0, 0;
    %pushi/vec4 0, 0, 1;
    %assign/vec4 v0000019fca843ca0_0, 0;
    %pushi/vec4 0, 0, 8;
    %assign/vec4 v0000019fca843980_0, 0;
    %pushi/vec4 0, 0, 1;
    %assign/vec4 v0000019fca843a20_0, 0;
    %jmp T_1.1;
T_1.0 ;
    %load/vec4 v0000019fca7e6b90_0;
    %assign/vec4 v0000019fca7e6c30_0, 0;
    %load/vec4 v0000019fca843ac0_0;
    %assign/vec4 v0000019fca843b60_0, 0;
T_1.1 ;
    %jmp T_1;
    .thread T_1;
    .scope S_0000019fca845bd0;
T_2 ;
    %wait E_0000019fca82b8c0;
    %load/vec4 v0000019fca7e6c30_0;
    %store/vec4 v0000019fca7e6b90_0, 0, 2;
    %load/vec4 v0000019fca843b60_0;
    %store/vec4 v0000019fca843ac0_0, 0, 2;
    %load/vec4 v0000019fca843ca0_0;
    %store/vec4 v0000019fca843ca0_0, 0, 1;
    %load/vec4 v0000019fca843980_0;
    %store/vec4 v0000019fca843980_0, 0, 8;
    %pushi/vec4 0, 0, 1;
    %store/vec4 v0000019fca843a20_0, 0, 1;
    %load/vec4 v0000019fca7e6c30_0;
    %dup/vec4;
    %pushi/vec4 0, 0, 2;
    %cmp/u;
    %jmp/1 T_2.0, 6;
    %dup/vec4;
    %pushi/vec4 1, 0, 2;
    %cmp/u;
    %jmp/1 T_2.1, 6;
    %dup/vec4;
    %pushi/vec4 2, 0, 2;
    %cmp/u;
    %jmp/1 T_2.2, 6;
    %dup/vec4;
    %pushi/vec4 3, 0, 2;
    %cmp/u;
    %jmp/1 T_2.3, 6;
    %jmp T_2.4;
T_2.0 ;
    %load/vec4 v0000019fca843b60_0;
    %pad/u 4;
    %ix/vec4 4;
    %load/vec4a v0000019fca843c00, 4;
    %store/vec4 v0000019fca843980_0, 0, 8;
    %pushi/vec4 1, 0, 1;
    %store/vec4 v0000019fca843ca0_0, 0, 1;
    %pushi/vec4 1, 0, 2;
    %store/vec4 v0000019fca7e6b90_0, 0, 2;
    %jmp T_2.4;
T_2.1 ;
    %load/vec4 v0000019fca7e7260_0;
    %flag_set/vec4 8;
    %jmp/0xz  T_2.5, 8;
    %pushi/vec4 0, 0, 1;
    %store/vec4 v0000019fca843ca0_0, 0, 1;
    %pushi/vec4 2, 0, 2;
    %store/vec4 v0000019fca7e6b90_0, 0, 2;
T_2.5 ;
    %jmp T_2.4;
T_2.2 ;
    %load/vec4 v0000019fca7e7260_0;
    %nor/r;
    %flag_set/vec4 8;
    %jmp/0xz  T_2.7, 8;
    %load/vec4 v0000019fca843b60_0;
    %pad/u 32;
    %cmpi/e 3, 0, 32;
    %jmp/0xz  T_2.9, 4;
    %pushi/vec4 1, 0, 1;
    %store/vec4 v0000019fca843a20_0, 0, 1;
    %pushi/vec4 3, 0, 2;
    %store/vec4 v0000019fca7e6b90_0, 0, 2;
    %jmp T_2.10;
T_2.9 ;
    %load/vec4 v0000019fca843b60_0;
    %addi 1, 0, 2;
    %store/vec4 v0000019fca843ac0_0, 0, 2;
    %load/vec4 v0000019fca843b60_0;
    %pad/u 33;
    %addi 1, 0, 33;
    %ix/vec4 4;
    %load/vec4a v0000019fca843c00, 4;
    %store/vec4 v0000019fca843980_0, 0, 8;
    %pushi/vec4 1, 0, 1;
    %store/vec4 v0000019fca843ca0_0, 0, 1;
    %pushi/vec4 1, 0, 2;
    %store/vec4 v0000019fca7e6b90_0, 0, 2;
T_2.10 ;
T_2.7 ;
    %jmp T_2.4;
T_2.3 ;
    %pushi/vec4 0, 0, 2;
    %store/vec4 v0000019fca7e6b90_0, 0, 2;
    %jmp T_2.4;
T_2.4 ;
    %pop/vec4 1;
    %jmp T_2;
    .thread T_2, $push;
    .scope S_0000019fca7e6cd0;
T_3 ;
    %wait E_0000019fca82b4c0;
    %load/vec4 v0000019fca8a0dd0_0;
    %flag_set/vec4 8;
    %jmp/0xz  T_3.0, 8;
    %pushi/vec4 0, 0, 1;
    %assign/vec4 v0000019fca8a0a10_0, 0;
    %pushi/vec4 0, 0, 1;
    %assign/vec4 v0000019fca7e6e60_0, 0;
    %pushi/vec4 0, 0, 2;
    %assign/vec4 v0000019fca7e6f00_0, 0;
    %pushi/vec4 0, 0, 8;
    %assign/vec4 v0000019fca8a0bf0_0, 0;
    %jmp T_3.1;
T_3.0 ;
    %load/vec4 v0000019fca8a03d0_0;
    %assign/vec4 v0000019fca8a0a10_0, 0;
    %load/vec4 v0000019fca8a03d0_0;
    %load/vec4 v0000019fca8a0a10_0;
    %nor/r;
    %and;
    %flag_set/vec4 8;
    %jmp/0xz  T_3.2, 8;
    %load/vec4 v0000019fca8a06f0_0;
    %assign/vec4 v0000019fca8a0bf0_0, 0;
    %pushi/vec4 1, 0, 1;
    %assign/vec4 v0000019fca7e6e60_0, 0;
    %pushi/vec4 1, 0, 2;
    %assign/vec4 v0000019fca7e6f00_0, 0;
    %jmp T_3.3;
T_3.2 ;
    %load/vec4 v0000019fca7e6e60_0;
    %flag_set/vec4 8;
    %jmp/0xz  T_3.4, 8;
    %load/vec4 v0000019fca7e6f00_0;
    %pad/u 32;
    %cmpi/u 2, 0, 32;
    %jmp/0xz  T_3.6, 5;
    %load/vec4 v0000019fca7e6f00_0;
    %addi 1, 0, 2;
    %assign/vec4 v0000019fca7e6f00_0, 0;
T_3.6 ;
    %pushi/vec4 2, 0, 32;
    %load/vec4 v0000019fca7e6f00_0;
    %pad/u 32;
    %cmp/u;
    %flag_get/vec4 4;
    %flag_get/vec4 5;
    %or;
    %load/vec4 v0000019fca8a03d0_0;
    %nor/r;
    %and;
    %flag_set/vec4 8;
    %jmp/0xz  T_3.8, 8;
    %pushi/vec4 0, 0, 1;
    %assign/vec4 v0000019fca7e6e60_0, 0;
    %pushi/vec4 0, 0, 2;
    %assign/vec4 v0000019fca7e6f00_0, 0;
T_3.8 ;
T_3.4 ;
T_3.3 ;
T_3.1 ;
    %jmp T_3;
    .thread T_3;
    .scope S_0000019fca8458b0;
T_4 ;
    %pushi/vec4 0, 0, 1;
    %store/vec4 v0000019fca8a0830_0, 0, 1;
    %end;
    .thread T_4;
    .scope S_0000019fca8458b0;
T_5 ;
    %delay 5000, 0;
    %load/vec4 v0000019fca8a0830_0;
    %inv;
    %store/vec4 v0000019fca8a0830_0, 0, 1;
    %jmp T_5;
    .thread T_5;
    .scope S_0000019fca8458b0;
T_6 ;
    %vpi_call 2 15 "$dumpfile", "dump.vcd" {0 0 0};
    %vpi_call 2 16 "$dumpvars", 32'sb00000000000000000000000000000000, S_0000019fca8458b0 {0 0 0};
    %pushi/vec4 1, 0, 1;
    %store/vec4 v0000019fca8a0970_0, 0, 1;
    %delay 20000, 0;
    %pushi/vec4 0, 0, 1;
    %store/vec4 v0000019fca8a0970_0, 0, 1;
    %vpi_call 2 20 "$display", "time  clk  req   ack   ack_cnt    data     last_byte   done" {0 0 0};
    %vpi_call 2 21 "$monitor", "%0t   %b    %b    %b   %b         %02h     %02h        %b", $time, v0000019fca8a0830_0, v0000019fca843ca0_0, v0000019fca7e6e60_0, v0000019fca7e6f00_0, v0000019fca843980_0, v0000019fca8a0bf0_0, v0000019fca8a0f10_0 {0 0 0};
T_6.0 ;
    %load/vec4 v0000019fca8a0f10_0;
    %pad/u 32;
    %pushi/vec4 1, 0, 32;
    %cmp/e;
    %flag_get/vec4 4;
    %cmpi/ne 1, 0, 1;
    %jmp/0xz T_6.1, 6;
    %wait E_0000019fca82bc00;
    %jmp T_6.0;
T_6.1 ;
    %delay 10000, 0;
    %vpi_call 2 27 "$finish" {0 0 0};
    %end;
    .thread T_6;
# The file index is used to find the file name in the following table.
:file_names 6;
    "N/A";
    "<interactive>";
    "tb_link_top.v";
    "link_top.v";
    "master_fsm.v";
    "slave_fsm.v";
